<?xml version="1.0" encoding="UTF-8"?>
<!-- Generated by org.testng.reporters.JUnitXMLReporter -->
<testsuite hostname="DESKTOP-HT6N8H1" ignored="0" name="Test" tests="18" failures="0" timestamp="2022-04-14T09:48:42 IST" time="14.642" errors="0">
  <testcase name="checkResponseBody" time="0.099" classname="testLibrary.TC01_Get_Request1"/>
  <testcase name="checkStatusCode" time="0.002" classname="testLibrary.TC01_Get_Request1"/>
  <testcase name="checkStatusLine" time="0.003" classname="testLibrary.TC01_Get_Request1"/>
  <testcase name="checkResponseTime" time="0.003" classname="testLibrary.TC01_Get_Request1"/>
  <testcase name="checkContentType" time="0.004" classname="testLibrary.TC01_Get_Request1"/>
  <testcase name="checkContentLength" time="0.011" classname="testLibrary.TC01_Get_Request1"/>
  <testcase name="checkServerType" time="0.002" classname="testLibrary.TC01_Get_Request1"/>
  <testcase name="printAllHeaders" time="0.002" classname="testLibrary.TC01_Get_Request1"/>
  <testcase name="checkResponseBody" time="0.017" classname="testLibrary.TC02_Get_Request2"/>
  <testcase name="checkStatusCode" time="0.002" classname="testLibrary.TC02_Get_Request2"/>
  <testcase name="checkStatusLine" time="0.001" classname="testLibrary.TC02_Get_Request2"/>
  <testcase name="checkResponseTime" time="0.001" classname="testLibrary.TC02_Get_Request2"/>
  <testcase name="checkContentType" time="0.001" classname="testLibrary.TC02_Get_Request2"/>
  <testcase name="checkContentLength" time="0.003" classname="testLibrary.TC02_Get_Request2"/>
  <testcase name="checkServerType" time="0.002" classname="testLibrary.TC02_Get_Request2"/>
  <testcase name="printAllHeaders" time="0.001" classname="testLibrary.TC02_Get_Request2"/>
  <testcase name="getBooksDetails" time="1.646" classname="testLibrary.TC03_Post_Request1"/>
  <testcase name="getBooksDetails" time="1.607" classname="testLibrary.TC03_Post_Request1"/>
</testsuite> <!-- Test -->
