<?xml version="1.0" encoding="UTF-8"?>
<!-- Generated by org.testng.reporters.JUnitXMLReporter -->
<testsuite hostname="DESKTOP-HT6N8H1" ignored="0" name="Default test" tests="8" failures="0" timestamp="2022-04-14T09:42:11 IST" time="7.097" errors="0">
  <testcase name="checkResponseBody" time="0.09" classname="testLibrary.TC02_Get_Request2"/>
  <testcase name="checkStatusCode" time="0.002" classname="testLibrary.TC02_Get_Request2"/>
  <testcase name="checkStatusLine" time="0.002" classname="testLibrary.TC02_Get_Request2"/>
  <testcase name="checkResponseTime" time="0.004" classname="testLibrary.TC02_Get_Request2"/>
  <testcase name="checkContentType" time="0.003" classname="testLibrary.TC02_Get_Request2"/>
  <testcase name="checkContentLength" time="0.002" classname="testLibrary.TC02_Get_Request2"/>
  <testcase name="checkServerType" time="0.005" classname="testLibrary.TC02_Get_Request2"/>
  <testcase name="printAllHeaders" time="0.01" classname="testLibrary.TC02_Get_Request2"/>
</testsuite> <!-- Default test -->
